2015-03-18 19:10:04,108 WARN [main] org.apache.http.client.protocol.ResponseProcessCookies [ResponseProcessCookies.java:121] Cookie rejected [localeHeader=".terapeak.com", version:0, domain:7200, path:/, expiry:Wed Mar 18 19:09:55 CST 2015] Illegal domain attribute "7200". Domain of origin: "sell.terapeak.cn"
2015-03-18 19:12:31,790 WARN [main] org.apache.http.client.protocol.ResponseProcessCookies [ResponseProcessCookies.java:121] Cookie rejected [localeHeader=".terapeak.com", version:0, domain:7200, path:/, expiry:Wed Mar 18 19:12:24 CST 2015] Illegal domain attribute "7200". Domain of origin: "sell.terapeak.cn"
2015-03-18 19:17:27,089 WARN [main] org.apache.http.client.protocol.ResponseProcessCookies [ResponseProcessCookies.java:121] Cookie rejected [localeHeader=".terapeak.com", version:0, domain:7200, path:/, expiry:Wed Mar 18 19:17:19 CST 2015] Illegal domain attribute "7200". Domain of origin: "sell.terapeak.cn"
2015-03-20 10:56:04,403 WARN [main] org.apache.http.client.protocol.ResponseProcessCookies [ResponseProcessCookies.java:121] Cookie rejected [localeHeader=".terapeak.com", version:0, domain:7200, path:/, expiry:Fri Mar 20 10:56:00 CST 2015] Illegal domain attribute "7200". Domain of origin: "sell.terapeak.cn"
2015-03-23 21:14:57,258 WARN [pool-1-thread-1] org.apache.http.client.protocol.ResponseProcessCookies [ResponseProcessCookies.java:121] Cookie rejected [localeHeader=".terapeak.com", version:0, domain:7200, path:/, expiry:Mon Mar 23 21:14:45 CST 2015] Illegal domain attribute "7200". Domain of origin: "sell.terapeak.com"
2015-03-23 21:26:51,990 WARN [pool-1-thread-1] org.apache.http.client.protocol.ResponseProcessCookies [ResponseProcessCookies.java:121] Cookie rejected [localeHeader=".terapeak.com", version:0, domain:7200, path:/, expiry:Mon Mar 23 21:26:40 CST 2015] Illegal domain attribute "7200". Domain of origin: "sell.terapeak.com"
2015-03-23 21:28:20,039 WARN [pool-1-thread-1] org.apache.http.client.protocol.ResponseProcessCookies [ResponseProcessCookies.java:121] Cookie rejected [localeHeader=".terapeak.com", version:0, domain:7200, path:/, expiry:Mon Mar 23 21:28:08 CST 2015] Illegal domain attribute "7200". Domain of origin: "sell.terapeak.com"
2015-03-23 21:31:20,808 WARN [pool-1-thread-1] org.apache.http.client.protocol.ResponseProcessCookies [ResponseProcessCookies.java:121] Cookie rejected [localeHeader=".terapeak.com", version:0, domain:7200, path:/, expiry:Mon Mar 23 21:31:09 CST 2015] Illegal domain attribute "7200". Domain of origin: "sell.terapeak.com"
2015-03-23 21:33:11,633 WARN [pool-1-thread-1] org.apache.http.client.protocol.ResponseProcessCookies [ResponseProcessCookies.java:121] Cookie rejected [localeHeader=".terapeak.com", version:0, domain:7200, path:/, expiry:Mon Mar 23 21:33:00 CST 2015] Illegal domain attribute "7200". Domain of origin: "sell.terapeak.com"
2015-03-23 21:37:45,469 WARN [pool-1-thread-1] org.apache.http.client.protocol.ResponseProcessCookies [ResponseProcessCookies.java:121] Cookie rejected [localeHeader=".terapeak.com", version:0, domain:7200, path:/, expiry:Mon Mar 23 21:37:34 CST 2015] Illegal domain attribute "7200". Domain of origin: "sell.terapeak.com"
2015-03-24 10:24:51,911 WARN [pool-1-thread-1] org.apache.http.client.protocol.ResponseProcessCookies [ResponseProcessCookies.java:121] Cookie rejected [localeHeader=".terapeak.com", version:0, domain:7200, path:/, expiry:Tue Mar 24 10:24:38 CST 2015] Illegal domain attribute "7200". Domain of origin: "sell.terapeak.com"
2015-03-24 10:38:48,116 WARN [pool-1-thread-1] org.apache.http.client.protocol.ResponseProcessCookies [ResponseProcessCookies.java:121] Cookie rejected [localeHeader=".terapeak.com", version:0, domain:7200, path:/, expiry:Tue Mar 24 10:38:34 CST 2015] Illegal domain attribute "7200". Domain of origin: "sell.terapeak.com"
2015-03-24 10:48:56,942 WARN [pool-1-thread-1] org.apache.http.client.protocol.ResponseProcessCookies [ResponseProcessCookies.java:121] Cookie rejected [localeHeader=".terapeak.com", version:0, domain:7200, path:/, expiry:Tue Mar 24 10:48:43 CST 2015] Illegal domain attribute "7200". Domain of origin: "sell.terapeak.com"
2015-03-24 10:49:55,239 WARN [pool-1-thread-1] org.apache.http.client.protocol.ResponseProcessCookies [ResponseProcessCookies.java:121] Cookie rejected [localeHeader=".terapeak.com", version:0, domain:7200, path:/, expiry:Tue Mar 24 10:49:41 CST 2015] Illegal domain attribute "7200". Domain of origin: "sell.terapeak.com"
2015-03-24 11:11:28,529 WARN [pool-1-thread-1] org.apache.http.client.protocol.ResponseProcessCookies [ResponseProcessCookies.java:121] Cookie rejected [localeHeader=".terapeak.com", version:0, domain:7200, path:/, expiry:Tue Mar 24 11:11:14 CST 2015] Illegal domain attribute "7200". Domain of origin: "sell.terapeak.com"
2015-03-24 11:13:31,098 ERROR [pool-1-thread-1] org.epiclouds.client.main.CrawlerClient [AbstractHttpClientCrawlerHandler.java:221] /services/ebay/legacy/productresearch/researchtrends?token=4e5396e3fe80ee1249a0b8147c08c5636a95579b274624fc6ce568ef3d2cdde5
java.net.SocketTimeoutException: Read timed out
	at java.net.SocketInputStream.socketRead0(Native Method) ~[na:1.8.0_40]
	at java.net.SocketInputStream.socketRead(SocketInputStream.java:116) ~[na:1.8.0_40]
	at java.net.SocketInputStream.read(SocketInputStream.java:170) ~[na:1.8.0_40]
	at java.net.SocketInputStream.read(SocketInputStream.java:141) ~[na:1.8.0_40]
	at sun.security.ssl.InputRecord.readFully(InputRecord.java:465) ~[na:1.8.0_40]
	at sun.security.ssl.InputRecord.read(InputRecord.java:503) ~[na:1.8.0_40]
	at sun.security.ssl.SSLSocketImpl.readRecord(SSLSocketImpl.java:961) ~[na:1.8.0_40]
	at sun.security.ssl.SSLSocketImpl.readDataRecord(SSLSocketImpl.java:918) ~[na:1.8.0_40]
	at sun.security.ssl.AppInputStream.read(AppInputStream.java:105) ~[na:1.8.0_40]
	at org.apache.http.impl.io.SessionInputBufferImpl.streamRead(SessionInputBufferImpl.java:136) ~[httpcore-4.3.2.jar:4.3.2]
	at org.apache.http.impl.io.SessionInputBufferImpl.fillBuffer(SessionInputBufferImpl.java:152) ~[httpcore-4.3.2.jar:4.3.2]
	at org.apache.http.impl.io.SessionInputBufferImpl.readLine(SessionInputBufferImpl.java:270) ~[httpcore-4.3.2.jar:4.3.2]
	at org.apache.http.impl.conn.DefaultHttpResponseParser.parseHead(DefaultHttpResponseParser.java:140) ~[httpclient-4.3.3.jar:4.3.3]
	at org.apache.http.impl.conn.DefaultHttpResponseParser.parseHead(DefaultHttpResponseParser.java:57) ~[httpclient-4.3.3.jar:4.3.3]
	at org.apache.http.impl.io.AbstractMessageParser.parse(AbstractMessageParser.java:260) ~[httpcore-4.3.2.jar:4.3.2]
	at org.apache.http.impl.DefaultBHttpClientConnection.receiveResponseHeader(DefaultBHttpClientConnection.java:161) ~[httpcore-4.3.2.jar:4.3.2]
	at sun.reflect.NativeMethodAccessorImpl.invoke0(Native Method) ~[na:1.8.0_40]
	at sun.reflect.NativeMethodAccessorImpl.invoke(NativeMethodAccessorImpl.java:62) ~[na:1.8.0_40]
	at sun.reflect.DelegatingMethodAccessorImpl.invoke(DelegatingMethodAccessorImpl.java:43) ~[na:1.8.0_40]
	at java.lang.reflect.Method.invoke(Method.java:497) ~[na:1.8.0_40]
	at org.apache.http.impl.conn.CPoolProxy.invoke(CPoolProxy.java:138) ~[httpclient-4.3.3.jar:4.3.3]
	at com.sun.proxy.$Proxy0.receiveResponseHeader(Unknown Source) ~[na:na]
	at org.apache.http.protocol.HttpRequestExecutor.doReceiveResponse(HttpRequestExecutor.java:271) ~[httpcore-4.3.2.jar:4.3.2]
	at org.apache.http.protocol.HttpRequestExecutor.execute(HttpRequestExecutor.java:123) ~[httpcore-4.3.2.jar:4.3.2]
	at org.apache.http.impl.execchain.MainClientExec.execute(MainClientExec.java:254) ~[httpclient-4.3.3.jar:4.3.3]
	at org.apache.http.impl.execchain.ProtocolExec.execute(ProtocolExec.java:195) ~[httpclient-4.3.3.jar:4.3.3]
	at org.apache.http.impl.execchain.RetryExec.execute(RetryExec.java:86) ~[httpclient-4.3.3.jar:4.3.3]
	at org.apache.http.impl.execchain.RedirectExec.execute(RedirectExec.java:108) ~[httpclient-4.3.3.jar:4.3.3]
	at org.apache.http.impl.client.InternalHttpClient.doExecute(InternalHttpClient.java:186) ~[httpclient-4.3.3.jar:4.3.3]
	at org.apache.http.impl.client.CloseableHttpClient.execute(CloseableHttpClient.java:115) ~[httpclient-4.3.3.jar:4.3.3]
	at org.epiclouds.handlers.AbstractHttpClientCrawlerHandler.requestSelf(AbstractHttpClientCrawlerHandler.java:182) ~[classes/:na]
	at org.epiclouds.handlers.AbstractHttpClientCrawlerHandler.request(AbstractHttpClientCrawlerHandler.java:202) ~[classes/:na]
	at test.tarapeak.TerapeakSpider.handle(TerapeakSpider.java:78) ~[test-classes/:na]
	at org.epiclouds.handlers.AbstractHttpClientCrawlerHandler.handleResponse2(AbstractHttpClientCrawlerHandler.java:97) ~[classes/:na]
	at org.epiclouds.handlers.AbstractHttpClientCrawlerHandler.run(AbstractHttpClientCrawlerHandler.java:216) ~[classes/:na]
	at java.util.concurrent.ThreadPoolExecutor.runWorker(ThreadPoolExecutor.java:1142) [na:1.8.0_40]
	at java.util.concurrent.ThreadPoolExecutor$Worker.run(ThreadPoolExecutor.java:617) [na:1.8.0_40]
	at java.lang.Thread.run(Thread.java:745) [na:1.8.0_40]
2015-03-24 11:15:05,849 ERROR [pool-1-thread-1] org.epiclouds.client.main.CrawlerClient [AbstractHttpClientCrawlerHandler.java:221] /services/ebay/legacy/productresearch/researchtrends?token=4e5396e3fe80ee1249a0b8147c08c5636a95579b274624fc6ce568ef3d2cdde5
java.net.SocketTimeoutException: Read timed out
	at java.net.SocketInputStream.socketRead0(Native Method) ~[na:1.8.0_40]
	at java.net.SocketInputStream.socketRead(SocketInputStream.java:116) ~[na:1.8.0_40]
	at java.net.SocketInputStream.read(SocketInputStream.java:170) ~[na:1.8.0_40]
	at java.net.SocketInputStream.read(SocketInputStream.java:141) ~[na:1.8.0_40]
	at sun.security.ssl.InputRecord.readFully(InputRecord.java:465) ~[na:1.8.0_40]
	at sun.security.ssl.InputRecord.read(InputRecord.java:503) ~[na:1.8.0_40]
	at sun.security.ssl.SSLSocketImpl.readRecord(SSLSocketImpl.java:961) ~[na:1.8.0_40]
	at sun.security.ssl.SSLSocketImpl.readDataRecord(SSLSocketImpl.java:918) ~[na:1.8.0_40]
	at sun.security.ssl.AppInputStream.read(AppInputStream.java:105) ~[na:1.8.0_40]
	at org.apache.http.impl.io.SessionInputBufferImpl.streamRead(SessionInputBufferImpl.java:136) ~[httpcore-4.3.2.jar:4.3.2]
	at org.apache.http.impl.io.SessionInputBufferImpl.fillBuffer(SessionInputBufferImpl.java:152) ~[httpcore-4.3.2.jar:4.3.2]
	at org.apache.http.impl.io.SessionInputBufferImpl.readLine(SessionInputBufferImpl.java:270) ~[httpcore-4.3.2.jar:4.3.2]
	at org.apache.http.impl.conn.DefaultHttpResponseParser.parseHead(DefaultHttpResponseParser.java:140) ~[httpclient-4.3.3.jar:4.3.3]
	at org.apache.http.impl.conn.DefaultHttpResponseParser.parseHead(DefaultHttpResponseParser.java:57) ~[httpclient-4.3.3.jar:4.3.3]
	at org.apache.http.impl.io.AbstractMessageParser.parse(AbstractMessageParser.java:260) ~[httpcore-4.3.2.jar:4.3.2]
	at org.apache.http.impl.DefaultBHttpClientConnection.receiveResponseHeader(DefaultBHttpClientConnection.java:161) ~[httpcore-4.3.2.jar:4.3.2]
	at sun.reflect.NativeMethodAccessorImpl.invoke0(Native Method) ~[na:1.8.0_40]
	at sun.reflect.NativeMethodAccessorImpl.invoke(NativeMethodAccessorImpl.java:62) ~[na:1.8.0_40]
	at sun.reflect.DelegatingMethodAccessorImpl.invoke(DelegatingMethodAccessorImpl.java:43) ~[na:1.8.0_40]
	at java.lang.reflect.Method.invoke(Method.java:497) ~[na:1.8.0_40]
	at org.apache.http.impl.conn.CPoolProxy.invoke(CPoolProxy.java:138) ~[httpclient-4.3.3.jar:4.3.3]
	at com.sun.proxy.$Proxy0.receiveResponseHeader(Unknown Source) ~[na:na]
	at org.apache.http.protocol.HttpRequestExecutor.doReceiveResponse(HttpRequestExecutor.java:271) ~[httpcore-4.3.2.jar:4.3.2]
	at org.apache.http.protocol.HttpRequestExecutor.execute(HttpRequestExecutor.java:123) ~[httpcore-4.3.2.jar:4.3.2]
	at org.apache.http.impl.execchain.MainClientExec.execute(MainClientExec.java:254) ~[httpclient-4.3.3.jar:4.3.3]
	at org.apache.http.impl.execchain.ProtocolExec.execute(ProtocolExec.java:195) ~[httpclient-4.3.3.jar:4.3.3]
	at org.apache.http.impl.execchain.RetryExec.execute(RetryExec.java:86) ~[httpclient-4.3.3.jar:4.3.3]
	at org.apache.http.impl.execchain.RedirectExec.execute(RedirectExec.java:108) ~[httpclient-4.3.3.jar:4.3.3]
	at org.apache.http.impl.client.InternalHttpClient.doExecute(InternalHttpClient.java:186) ~[httpclient-4.3.3.jar:4.3.3]
	at org.apache.http.impl.client.CloseableHttpClient.execute(CloseableHttpClient.java:115) ~[httpclient-4.3.3.jar:4.3.3]
	at org.epiclouds.handlers.AbstractHttpClientCrawlerHandler.requestSelf(AbstractHttpClientCrawlerHandler.java:182) ~[classes/:na]
	at org.epiclouds.handlers.AbstractHttpClientCrawlerHandler.request(AbstractHttpClientCrawlerHandler.java:202) ~[classes/:na]
	at test.tarapeak.TerapeakSpider.handle(TerapeakSpider.java:78) ~[test-classes/:na]
	at org.epiclouds.handlers.AbstractHttpClientCrawlerHandler.handleResponse2(AbstractHttpClientCrawlerHandler.java:97) ~[classes/:na]
	at org.epiclouds.handlers.AbstractHttpClientCrawlerHandler.run(AbstractHttpClientCrawlerHandler.java:216) ~[classes/:na]
	at java.util.concurrent.ThreadPoolExecutor.runWorker(ThreadPoolExecutor.java:1142) [na:1.8.0_40]
	at java.util.concurrent.ThreadPoolExecutor$Worker.run(ThreadPoolExecutor.java:617) [na:1.8.0_40]
	at java.lang.Thread.run(Thread.java:745) [na:1.8.0_40]
2015-03-24 11:16:39,189 ERROR [pool-1-thread-1] org.epiclouds.client.main.CrawlerClient [AbstractHttpClientCrawlerHandler.java:221] /services/ebay/legacy/productresearch/researchtrends?token=4e5396e3fe80ee1249a0b8147c08c5636a95579b274624fc6ce568ef3d2cdde5
java.net.SocketTimeoutException: Read timed out
	at java.net.SocketInputStream.socketRead0(Native Method) ~[na:1.8.0_40]
	at java.net.SocketInputStream.socketRead(SocketInputStream.java:116) ~[na:1.8.0_40]
	at java.net.SocketInputStream.read(SocketInputStream.java:170) ~[na:1.8.0_40]
	at java.net.SocketInputStream.read(SocketInputStream.java:141) ~[na:1.8.0_40]
	at sun.security.ssl.InputRecord.readFully(InputRecord.java:465) ~[na:1.8.0_40]
	at sun.security.ssl.InputRecord.read(InputRecord.java:503) ~[na:1.8.0_40]
	at sun.security.ssl.SSLSocketImpl.readRecord(SSLSocketImpl.java:961) ~[na:1.8.0_40]
	at sun.security.ssl.SSLSocketImpl.readDataRecord(SSLSocketImpl.java:918) ~[na:1.8.0_40]
	at sun.security.ssl.AppInputStream.read(AppInputStream.java:105) ~[na:1.8.0_40]
	at org.apache.http.impl.io.SessionInputBufferImpl.streamRead(SessionInputBufferImpl.java:136) ~[httpcore-4.3.2.jar:4.3.2]
	at org.apache.http.impl.io.SessionInputBufferImpl.fillBuffer(SessionInputBufferImpl.java:152) ~[httpcore-4.3.2.jar:4.3.2]
	at org.apache.http.impl.io.SessionInputBufferImpl.readLine(SessionInputBufferImpl.java:270) ~[httpcore-4.3.2.jar:4.3.2]
	at org.apache.http.impl.conn.DefaultHttpResponseParser.parseHead(DefaultHttpResponseParser.java:140) ~[httpclient-4.3.3.jar:4.3.3]
	at org.apache.http.impl.conn.DefaultHttpResponseParser.parseHead(DefaultHttpResponseParser.java:57) ~[httpclient-4.3.3.jar:4.3.3]
	at org.apache.http.impl.io.AbstractMessageParser.parse(AbstractMessageParser.java:260) ~[httpcore-4.3.2.jar:4.3.2]
	at org.apache.http.impl.DefaultBHttpClientConnection.receiveResponseHeader(DefaultBHttpClientConnection.java:161) ~[httpcore-4.3.2.jar:4.3.2]
	at sun.reflect.NativeMethodAccessorImpl.invoke0(Native Method) ~[na:1.8.0_40]
	at sun.reflect.NativeMethodAccessorImpl.invoke(NativeMethodAccessorImpl.java:62) ~[na:1.8.0_40]
	at sun.reflect.DelegatingMethodAccessorImpl.invoke(DelegatingMethodAccessorImpl.java:43) ~[na:1.8.0_40]
	at java.lang.reflect.Method.invoke(Method.java:497) ~[na:1.8.0_40]
	at org.apache.http.impl.conn.CPoolProxy.invoke(CPoolProxy.java:138) ~[httpclient-4.3.3.jar:4.3.3]
	at com.sun.proxy.$Proxy0.receiveResponseHeader(Unknown Source) ~[na:na]
	at org.apache.http.protocol.HttpRequestExecutor.doReceiveResponse(HttpRequestExecutor.java:271) ~[httpcore-4.3.2.jar:4.3.2]
	at org.apache.http.protocol.HttpRequestExecutor.execute(HttpRequestExecutor.java:123) ~[httpcore-4.3.2.jar:4.3.2]
	at org.apache.http.impl.execchain.MainClientExec.execute(MainClientExec.java:254) ~[httpclient-4.3.3.jar:4.3.3]
	at org.apache.http.impl.execchain.ProtocolExec.execute(ProtocolExec.java:195) ~[httpclient-4.3.3.jar:4.3.3]
	at org.apache.http.impl.execchain.RetryExec.execute(RetryExec.java:86) ~[httpclient-4.3.3.jar:4.3.3]
	at org.apache.http.impl.execchain.RedirectExec.execute(RedirectExec.java:108) ~[httpclient-4.3.3.jar:4.3.3]
	at org.apache.http.impl.client.InternalHttpClient.doExecute(InternalHttpClient.java:186) ~[httpclient-4.3.3.jar:4.3.3]
	at org.apache.http.impl.client.CloseableHttpClient.execute(CloseableHttpClient.java:115) ~[httpclient-4.3.3.jar:4.3.3]
	at org.epiclouds.handlers.AbstractHttpClientCrawlerHandler.requestSelf(AbstractHttpClientCrawlerHandler.java:182) ~[classes/:na]
	at org.epiclouds.handlers.AbstractHttpClientCrawlerHandler.request(AbstractHttpClientCrawlerHandler.java:202) ~[classes/:na]
	at test.tarapeak.TerapeakSpider.handle(TerapeakSpider.java:78) ~[test-classes/:na]
	at org.epiclouds.handlers.AbstractHttpClientCrawlerHandler.handleResponse2(AbstractHttpClientCrawlerHandler.java:97) ~[classes/:na]
	at org.epiclouds.handlers.AbstractHttpClientCrawlerHandler.run(AbstractHttpClientCrawlerHandler.java:216) ~[classes/:na]
	at java.util.concurrent.ThreadPoolExecutor.runWorker(ThreadPoolExecutor.java:1142) [na:1.8.0_40]
	at java.util.concurrent.ThreadPoolExecutor$Worker.run(ThreadPoolExecutor.java:617) [na:1.8.0_40]
	at java.lang.Thread.run(Thread.java:745) [na:1.8.0_40]
2015-03-24 11:30:06,526 WARN [pool-1-thread-1] org.apache.http.client.protocol.ResponseProcessCookies [ResponseProcessCookies.java:121] Cookie rejected [localeHeader=".terapeak.com", version:0, domain:7200, path:/, expiry:Tue Mar 24 11:29:52 CST 2015] Illegal domain attribute "7200". Domain of origin: "sell.terapeak.com"
2015-03-24 11:35:35,067 WARN [pool-1-thread-1] org.apache.http.client.protocol.ResponseProcessCookies [ResponseProcessCookies.java:121] Cookie rejected [localeHeader=".terapeak.com", version:0, domain:7200, path:/, expiry:Tue Mar 24 11:35:21 CST 2015] Illegal domain attribute "7200". Domain of origin: "sell.terapeak.com"
2015-03-24 11:46:28,291 WARN [pool-1-thread-1] org.apache.http.client.protocol.ResponseProcessCookies [ResponseProcessCookies.java:121] Cookie rejected [localeHeader=".terapeak.com", version:0, domain:7200, path:/, expiry:Tue Mar 24 11:46:14 CST 2015] Illegal domain attribute "7200". Domain of origin: "sell.terapeak.com"
2015-03-24 11:56:46,743 WARN [pool-1-thread-1] org.apache.http.client.protocol.ResponseProcessCookies [ResponseProcessCookies.java:121] Cookie rejected [localeHeader=".terapeak.com", version:0, domain:7200, path:/, expiry:Tue Mar 24 11:56:33 CST 2015] Illegal domain attribute "7200". Domain of origin: "sell.terapeak.com"
